Arguments: 
  /home/cloud/.nvm/versions/node/v12.11.1/bin/node /home/cloud/.yarn/bin/yarn.js install --registry=https://registry.npm.taobao.org

PATH: 
  /home/cloud/.nvm/versions/node/v12.11.1/bin:/home/cloud/.yarn/bin:/home/cloud/.config/yarn/global/node_modules/.bin:/opt/software/node-v8.9.0-linux-x64/bin:/opt/software/node-v8.9.0-linux-x64/bin:/usr/local/sbin:/usr/local/bin:/usr/sbin:/usr/bin:/sbin:/bin:/usr/games:/usr/local/games:/snap/bin

Yarn version: 
  1.7.0

Node version: 
  12.11.1

Platform: 
  linux x64

Trace: 
  Error: https://registry.npm.taobao.org/moment-timezone/download/moment-timezone-0.5.27.tgz?cache=0&sync_timestamp=1571207551387&other_urls=https%3A%2F%2Fregistry.npm.taobao.org%2Fmoment-timezone%2Fdownload%2Fmoment-timezone-0.5.27.tgz: ENOENT: no such file or directory, open '/usr/local/share/.cache/yarn/v1/npm-moment-timezone-0.5.27-73adec8139b6fe30452e78f210f27b1f346b8877/package.json'

npm manifest: 
  {
    "name": "nodejs-express-upload-file-postgresql",
    "version": "1.0.0",
    "description": "Building a Node.js/Express RestAPIs that upload/download files to PostgreSQL database using Multer middleware, Sequelize ORM",
    "main": "server.js",
    "scripts": {
      "test": "echo \"Error: no test specified\" && exit 1"
    },
    "keywords": [
      "Node.js",
      "Express",
      "PostgreSQL",
      "Multer",
      "Sequelize"
    ],
    "author": "JavaSampleApproach.com",
    "license": "ISC",
    "dependencies": {
      "express": "^4.16.3",
      "multer": "^1.3.0",
      "pg": "^7.4.3",
      "pg-hstore": "^2.3.2",
      "sequelize": "^4.37.7"
    }
  }

yarn manifest: 
  No manifest

Lockfile: 
  No lockfile
